<?xml version="1.0" encoding="UTF-8"?>
<!-- Generated by org.testng.reporters.JUnitXMLReporter -->
<testsuite ignored="0" hostname="SSIIN-174.local" failures="0" tests="4" name="Default test" time="40.689" errors="0" timestamp="2024-03-18T17:44:24 IST">
  <testcase classname="com.jobma.qa.test.LoginPageTest" name="loginPageTest" time="9.758"/>
  <testcase classname="com.jobma.qa.test.LoginPageTest" name="loginPageTest" time="5.035"/>
  <testcase classname="com.jobma.qa.test.LoginPageTest" name="invalidDataLogin" time="5.672"/>
  <testcase classname="com.jobma.qa.test.LoginPageTest" name="invalidDataLogin" time="5.071"/>
</testsuite> <!-- Default test -->
