<?xml version="1.0" encoding="UTF-8"?>
<!-- Generated by org.testng.reporters.JUnitXMLReporter -->
<testsuite ignored="1" hostname="LAPTOP-VPNU0H6L" failures="0" tests="2" name="Default test" time="8.232" errors="0" timestamp="2024-03-14T08:13:58 IST">
  <testcase classname="com.jobma.qa.test.LoginPageTest" name="loginPageTest" time="1.762"/>
  <testcase classname="com.jobma.qa.test.LoginPageTest" name="loginPageTest" time="1.541"/>
  <testcase classname="com.jobma.qa.test.LoginPageTest" name="invalidDataLogin" time="0.0">
    <ignored/>
  </testcase> <!-- invalidDataLogin -->
</testsuite> <!-- Default test -->
