<?xml version="1.0" encoding="UTF-8"?>
<testng-results ignored="0" total="1" passed="1" failed="0" skipped="0">
  <reporter-output>
  </reporter-output>
  <suite started-at="2024-02-24T23:12:10 IST" name="Default suite" finished-at="2024-02-24T23:12:29 IST" duration-ms="18701">
    <groups>
    </groups>
    <test started-at="2024-02-24T23:12:10 IST" name="Default test" finished-at="2024-02-24T23:12:29 IST" duration-ms="18701">
      <class name="com.jobma.qa.test.LoginPageTest">
        <test-method is-config="true" signature="setup()[pri:0, instance:com.jobma.qa.test.LoginPageTest@1165b38]" started-at="2024-02-24T23:12:10 IST" name="setup" finished-at="2024-02-24T23:12:21 IST" duration-ms="10850" status="PASS">
          <reporter-output>
          </reporter-output>
        </test-method> <!-- setup -->
        <test-method signature="loginPageTest()[pri:0, instance:com.jobma.qa.test.LoginPageTest@1165b38]" started-at="2024-02-24T23:12:21 IST" name="loginPageTest" finished-at="2024-02-24T23:12:29 IST" duration-ms="7486" status="PASS">
          <reporter-output>
          </reporter-output>
        </test-method> <!-- loginPageTest -->
        <test-method is-config="true" signature="close()[pri:0, instance:com.jobma.qa.test.LoginPageTest@1165b38]" started-at="2024-02-24T23:12:29 IST" name="close" finished-at="2024-02-24T23:12:29 IST" duration-ms="320" status="PASS">
          <reporter-output>
          </reporter-output>
        </test-method> <!-- close -->
      </class> <!-- com.jobma.qa.test.LoginPageTest -->
    </test> <!-- Default test -->
  </suite> <!-- Default suite -->
</testng-results>
